<?xml version="1.0" encoding="UTF-8"?>
<!-- Generated by org.testng.reporters.JUnitReportReporter -->
<testsuite hostname="belmouden" failures="0" tests="1" name="com.maven.torialsninja.TestCases.Testcase04_InValidEmail_And_INvalidPassword2" time="5.697" errors="0" timestamp="2023-04-12T03:50:07 EDT" skipped="0">
  <testcase classname="com.maven.torialsninja.TestCases.Testcase04_InValidEmail_And_INvalidPassword2" name="logittest" time="5.697"/>
  <system-out/>
</testsuite> <!-- com.maven.torialsninja.TestCases.Testcase04_InValidEmail_And_INvalidPassword2 -->
