<?xml version="1.0" encoding="UTF-8"?>
<!-- Generated by org.testng.reporters.JUnitReportReporter -->
<testsuite hostname="belmouden" failures="0" tests="1" name="com.maven.torialsninja.TestCases.Testcase03_ValidEmail_And_INvalidPassword" time="4.978" errors="0" timestamp="2023-04-14T00:26:32 EDT" skipped="0">
  <testcase classname="com.maven.torialsninja.TestCases.Testcase03_ValidEmail_And_INvalidPassword" name="logittest" time="4.978"/>
  <system-out/>
</testsuite> <!-- com.maven.torialsninja.TestCases.Testcase03_ValidEmail_And_INvalidPassword -->
