<?xml version="1.0" encoding="UTF-8"?>
<!-- Generated by org.testng.reporters.JUnitReportReporter -->
<testsuite hostname="belmouden" failures="0" tests="1" name="com.maven.torialsninja.TestCases.Testcase01_ValidEmail_And_VALIDPassword" time="5.428" errors="0" timestamp="2023-04-14T00:26:07 EDT" skipped="0">
  <testcase classname="com.maven.torialsninja.TestCases.Testcase01_ValidEmail_And_VALIDPassword" name="logittest" time="5.428"/>
  <system-out/>
</testsuite> <!-- com.maven.torialsninja.TestCases.Testcase01_ValidEmail_And_VALIDPassword -->
