<?xml version="1.0" encoding="UTF-8"?>
<!-- Generated by org.testng.reporters.JUnitReportReporter -->
<testsuite hostname="belmouden" failures="0" tests="1" name="com.maven.torialsninja.TestCases.Testcase02ValidEmailAndInvalidPassword" time="4.983" errors="0" timestamp="2023-04-10T18:50:37 EDT" skipped="0">
  <testcase classname="com.maven.torialsninja.TestCases.Testcase02ValidEmailAndInvalidPassword" name="logittest" time="4.983"/>
  <system-out/>
</testsuite> <!-- com.maven.torialsninja.TestCases.Testcase02ValidEmailAndInvalidPassword -->
