<?xml version="1.0" encoding="UTF-8"?>
<!-- Generated by org.testng.reporters.JUnitReportReporter -->
<testsuite hostname="belmouden" failures="0" tests="1" name="com.maven.torialsninja.TestCases.Testcase1ValidEmailAndPassword" time="6.211" errors="0" timestamp="2023-04-12T03:33:03 EDT" skipped="0">
  <testcase classname="com.maven.torialsninja.TestCases.Testcase1ValidEmailAndPassword" name="logittest" time="6.211"/>
  <system-out/>
</testsuite> <!-- com.maven.torialsninja.TestCases.Testcase1ValidEmailAndPassword -->
