<?xml version="1.0" encoding="UTF-8"?>
<!-- Generated by org.testng.reporters.JUnitReportReporter -->
<testsuite hostname="belmouden" failures="0" tests="1" name="Login_TestCases.Login_testcases" time="8.772" errors="0" timestamp="2023-04-18T04:29:24 EDT" skipped="0">
  <testcase classname="Login_TestCases.Login_testcases" name="Tabbutton_enterbutton" time="8.772"/>
  <system-out/>
</testsuite> <!-- Login_TestCases.Login_testcases -->
