<?xml version="1.0" encoding="UTF-8"?>
<!-- Generated by org.testng.reporters.JUnitReportReporter -->
<testsuite hostname="belmouden" failures="0" tests="1" name="Login_TestCases.Login_testcases" time="6.937" errors="0" timestamp="2023-04-26T13:55:17 EDT" skipped="0">
  <testcase classname="Login_TestCases.Login_testcases" name="Testcase12_passwordhiding" time="6.937"/>
  <system-out/>
</testsuite> <!-- Login_TestCases.Login_testcases -->
