<?xml version="1.0" encoding="UTF-8"?>
<!-- Generated by org.testng.reporters.JUnitReportReporter -->
<testsuite hostname="belmouden" failures="0" tests="1" name="com.maven.torialsninja.TestCases.Testcase03InValidEmailAndvalidPassword" time="5.191" errors="0" timestamp="2023-04-10T18:53:03 EDT" skipped="0">
  <testcase classname="com.maven.torialsninja.TestCases.Testcase03InValidEmailAndvalidPassword" name="logittest" time="5.191"/>
  <system-out/>
</testsuite> <!-- com.maven.torialsninja.TestCases.Testcase03InValidEmailAndvalidPassword -->
