<?xml version="1.0" encoding="UTF-8"?>
<!-- Generated by org.testng.reporters.JUnitReportReporter -->
<testsuite hostname="belmouden" failures="0" tests="1" name="com.maven.torialsninja.TestCases.Testcase05_NoEmail_And_NOPassword" time="5.437" errors="0" timestamp="2023-04-12T03:51:52 EDT" skipped="0">
  <testcase classname="com.maven.torialsninja.TestCases.Testcase05_NoEmail_And_NOPassword" name="logittest" time="5.437"/>
  <system-out/>
</testsuite> <!-- com.maven.torialsninja.TestCases.Testcase05_NoEmail_And_NOPassword -->
