<?xml version="1.0" encoding="UTF-8"?>
<!-- Generated by org.testng.reporters.JUnitReportReporter -->
<testsuite hostname="belmouden" failures="0" tests="1" name="com.maven.torialsninja.TestCases.Testcase1" time="5.244" errors="0" timestamp="2023-04-10T17:57:58 EDT" skipped="0">
  <testcase classname="com.maven.torialsninja.TestCases.Testcase1" name="logittest" time="5.244"/>
  <system-out/>
</testsuite> <!-- com.maven.torialsninja.TestCases.Testcase1 -->
