<?xml version="1.0" encoding="UTF-8"?>
<!-- Generated by org.testng.reporters.JUnitReportReporter -->
<testsuite hostname="belmouden" failures="0" tests="1" name="com.maven.torialsninja.TestCases.Testcase06_ForgottenButton" time="5.480" errors="0" timestamp="2023-04-12T04:09:50 EDT" skipped="0">
  <testcase classname="com.maven.torialsninja.TestCases.Testcase06_ForgottenButton" name="logittest" time="5.480"/>
  <system-out/>
</testsuite> <!-- com.maven.torialsninja.TestCases.Testcase06_ForgottenButton -->
